<?xml version="1.0" encoding="UTF-8"?>
<testsuite xmlns:xsi="http://www.w3.org/2001/XMLSchema-instance" xsi:schemaLocation="https://maven.apache.org/surefire/maven-surefire-plugin/xsd/surefire-test-report.xsd" name="com.wu.billersplus.conector.service.test.ServiceTest" time="2.565" tests="6" errors="0" skipped="5" failures="0">
  <properties>
[...]
</properties>
  <testcase name="testDirectaService" classname="com.wu.billersplus.conector.service.test.ServiceTest" time="0">
    <skipped/>
  </testcase>
  <testcase name="testConsultaEstadoService" classname="com.wu.billersplus.conector.service.test.ServiceTest" time="0">
    <skipped/>
  </testcase>
  <testcase name="testConsultaService" classname="com.wu.billersplus.conector.service.test.ServiceTest" time="0">
    <skipped/>
  </testcase>
  <testcase name="testBarcodeUtils" classname="com.wu.billersplus.conector.service.test.ServiceTest" time="2.217"/>
  <testcase name="testAnulacionService" classname="com.wu.billersplus.conector.service.test.ServiceTest" time="0">
    <skipped/>
  </testcase>
  <testcase name="testEchoService" classname="com.wu.billersplus.conector.service.test.ServiceTest" time="0">
    <skipped/>
  </testcase>
</testsuite>